<?xml version="1.0" encoding="UTF-8"?>
<testng-results ignored="0" total="1" passed="1" failed="0" skipped="0">
  <reporter-output>
  </reporter-output>
  <suite started-at="2023-09-11T02:02:18 IST" name="Suite" finished-at="2023-09-11T02:02:38 IST" duration-ms="20685">
    <groups>
    </groups>
    <test started-at="2023-09-11T02:02:18 IST" name="SmokeTest" finished-at="2023-09-11T02:02:38 IST" duration-ms="20685">
      <class name="com.jenkin_demo.test.LoginLogout">
        <test-method signature="loginLogoutActiTime()[pri:0, instance:com.jenkin_demo.test.LoginLogout@3aefe5e5]" started-at="2023-09-11T02:02:18 IST" name="loginLogoutActiTime" finished-at="2023-09-11T02:02:38 IST" duration-ms="20658" status="PASS">
          <reporter-output>
          </reporter-output>
        </test-method> <!-- loginLogoutActiTime -->
      </class> <!-- com.jenkin_demo.test.LoginLogout -->
    </test> <!-- SmokeTest -->
  </suite> <!-- Suite -->
</testng-results>
