<?xml version="1.0" encoding="UTF-8"?>
<testng-results ignored="0" total="1" passed="1" failed="0" skipped="0">
  <reporter-output>
  </reporter-output>
  <suite started-at="2023-08-22T17:01:00 IST" name="Suite" finished-at="2023-08-22T17:01:34 IST" duration-ms="34360">
    <groups>
    </groups>
    <test started-at="2023-08-22T17:01:00 IST" name="SmokeTest" finished-at="2023-08-22T17:01:34 IST" duration-ms="34360">
      <class name="com.jenkin_demo.test.LoginLogout">
        <test-method signature="loginLogoutActiTime()[pri:0, instance:com.jenkin_demo.test.LoginLogout@5e82df6a]" started-at="2023-08-22T17:01:00 IST" name="loginLogoutActiTime" finished-at="2023-08-22T17:01:34 IST" duration-ms="34274" status="PASS">
          <reporter-output>
          </reporter-output>
        </test-method> <!-- loginLogoutActiTime -->
      </class> <!-- com.jenkin_demo.test.LoginLogout -->
    </test> <!-- SmokeTest -->
  </suite> <!-- Suite -->
</testng-results>
